<?xml version="1.0" encoding="UTF-8"?>
<testsuite xmlns:xsi="http://www.w3.org/2001/XMLSchema-instance" xsi:noNamespaceSchemaLocation="https://maven.apache.org/surefire/maven-surefire-plugin/xsd/surefire-test-report-3.0.xsd" version="3.0" name="b25.spartan.admin.SpartanAdminGetTest" time="3.241" tests="1" errors="0" skipped="0" failures="0">
  <properties>
[...]
</properties>
  <testcase name="getAllSpartan" classname="b25.spartan.admin.SpartanAdminGetTest" time="1.5">
    <system-out><![CDATA[[
    {
        "id": 1,
        "name": "Meade",
        "gender": "Male",
        "phone": 9994128232
    },
    {
        "id": 2,
        "name": "Nels",
        "gender": "Male",
        "phone": 4218971348
    },
    {
        "id": 3,
        "name": "Fidole",
        "gender": "Male",
        "phone": 6105035231
    },
    {
        "id": 4,
        "name": "Paige",
        "gender": "Female",
        "phone": 3786741487
    },
    {
        "id": 5,
        "name": "Blythe",
        "gender": "Female",
        "phone": 3677539542
    },
    {
        "id": 6,
        "name": "Tedmund",
        "gender": "Male",
        "phone": 2227140732
    },
    {
        "id": 7,
        "name": "Hershel",
        "gender": "Male",
        "phone": 5278678322
    },
    {
        "id": 8,
        "name": "Rodolfo",
        "gender": "Male",
        "phone": 9601637574
    },
    {
        "id": 9,
        "name": "Florrie",
        "gender": "Female",
        "phone": 1702025787
    },
    {
        "id": 10,
        "name": "Lorenza",
        "gender": "Female",
        "phone": 3312820936
    },
    {
        "id": 11,
        "name": "Nona",
        "gender": "Female",
        "phone": 7959094216
    },
    {
        "id": 12,
        "name": "Sol",
        "gender": "Male",
        "phone": 7006438852
    },
    {
        "id": 13,
        "name": "Jaimie",
        "gender": "Female",
        "phone": 7842554879
    },
    {
        "id": 14,
        "name": "Grenville",
        "gender": "Male",
        "phone": 1065669615
    },
    {
        "id": 15,
        "name": "Meta",
        "gender": "Female",
        "phone": 1938695106
    },
    {
        "id": 16,
        "name": "Sinclair",
        "gender": "Male",
        "phone": 9714460354
    },
    {
        "id": 17,
        "name": "Wash",
        "gender": "Male",
        "phone": 4978976378
    },
    {
        "id": 18,
        "name": "Allen",
        "gender": "Male",
        "phone": 8716150217
    },
    {
        "id": 19,
        "name": "Bunnie",
        "gender": "Female",
        "phone": 7662992732
    },
    {
        "id": 20,
        "name": "Lothario",
        "gender": "Male",
        "phone": 7551551687
    },
    {
        "id": 21,
        "name": "Mark",
        "gender": "Male",
        "phone": 1852873386
    },
    {
        "id": 22,
        "name": "Koenraad",
        "gender": "Male",
        "phone": 8451740840
    },
    {
        "id": 23,
        "name": "Mervin",
        "gender": "Male",
        "phone": 9098436816
    },
    {
        "id": 24,
        "name": "Nesrin",
        "gender": "Female",
        "phone": 1099231238
    },
    {
        "id": 25,
        "name": "Valentin",
        "gender": "Male",
        "phone": 1536037088
    },
    {
        "id": 26,
        "name": "Correy",
        "gender": "Female",
        "phone": 7823876031
    },
    {
        "id": 27,
        "name": "Jeanelle",
        "gender": "Female",
        "phone": 6662999903
    },
    {
        "id": 28,
        "name": "Woodrow",
        "gender": "Male",
        "phone": 7411659821
    },
    {
        "id": 29,
        "name": "Dorelle",
        "gender": "Female",
        "phone": 6687391932
    },
    {
        "id": 30,
        "name": "Melania",
        "gender": "Female",
        "phone": 8916944276
    },
    {
        "id": 31,
        "name": "Maressa",
        "gender": "Female",
        "phone": 2018031787
    },
    {
        "id": 32,
        "name": "Asli Manyak",
        "gender": "Female",
        "phone": 9545879168
    },
    {
        "id": 33,
        "name": "Wilek",
        "gender": "Male",
        "phone": 2877865902
    },
    {
        "id": 34,
        "name": "Tucky",
        "gender": "Male",
        "phone": 2935099804
    },
    {
        "id": 35,
        "name": "Gardiner",
        "gender": "Male",
        "phone": 3751113352
    },
    {
        "id": 36,
        "name": "Sylas",
        "gender": "Male",
        "phone": 9853891474
    },
    {
        "id": 37,
        "name": "Grannie",
        "gender": "Male",
        "phone": 1075127669
    },
    {
        "id": 38,
        "name": "Juan",
        "gender": "Male",
        "phone": 9614487605
    },
    {
        "id": 39,
        "name": "Eveleen",
        "gender": "Female",
        "phone": 1362642898
    },
    {
        "id": 40,
        "name": "Druci",
        "gender": "Female",
        "phone": 4507606768
    },
    {
        "id": 41,
        "name": "Rosy",
        "gender": "Female",
        "phone": 6721964988
    },
    {
        "id": 42,
        "name": "Atlante",
        "gender": "Female",
        "phone": 4579688654
    },
    {
        "id": 43,
        "name": "Reid",
        "gender": "Male",
        "phone": 8833893900
    },
    {
        "id": 44,
        "name": "Panchito",
        "gender": "Male",
        "phone": 7486765293
    },
    {
        "id": 45,
        "name": "Heddie",
        "gender": "Female",
        "phone": 1271425843
    },
    {
        "id": 46,
        "name": "Delora",
        "gender": "Female",
        "phone": 4115324496
    },
    {
        "id": 47,
        "name": "Domenic",
        "gender": "Male",
        "phone": 3952704485
    },
    {
        "id": 48,
        "name": "Wyatt",
        "gender": "Male",
        "phone": 7682768714
    },
    {
        "id": 49,
        "name": "Reinaldo",
        "gender": "Male",
        "phone": 3623233145
    },
    {
        "id": 50,
        "name": "Jennica",
        "gender": "Female",
        "phone": 6986436734
    },
    {
        "id": 51,
        "name": "Padriac",
        "gender": "Male",
        "phone": 8444611168
    },
    {
        "id": 52,
        "name": "Tome",
        "gender": "Male",
        "phone": 5654109704
    },
    {
        "id": 53,
        "name": "Berna",
        "gender": "Female",
        "phone": 2072918455
    },
    {
        "id": 54,
        "name": "Bevon",
        "gender": "Male",
        "phone": 9831834168
    },
    {
        "id": 55,
        "name": "Karmen",
        "gender": "Female",
        "phone": 5052029186
    },
    {
        "id": 56,
        "name": "Ewan",
        "gender": "Male",
        "phone": 5733729948
    },
    {
        "id": 57,
        "name": "Freida",
        "gender": "Female",
        "phone": 5712679899
    },
    {
        "id": 58,
        "name": "Alfy",
        "gender": "Female",
        "phone": 6529078662
    },
    {
        "id": 59,
        "name": "Mickey",
        "gender": "Male",
        "phone": 8775768925
    },
    {
        "id": 60,
        "name": "Elisabeth",
        "gender": "Female",
        "phone": 8165224005
    },
    {
        "id": 61,
        "name": "Earlie",
        "gender": "Male",
        "phone": 5709633007
    },
    {
        "id": 62,
        "name": "Robinia",
        "gender": "Female",
        "phone": 3542611707
    },
    {
        "id": 63,
        "name": "Clayton",
        "gender": "Male",
        "phone": 1782167106
    },
    {
        "id": 64,
        "name": "Putnam",
        "gender": "Male",
        "phone": 6744135688
    },
    {
        "id": 65,
        "name": "Sean",
        "gender": "Male",
        "phone": 8566508311
    },
    {
        "id": 66,
        "name": "Leyla Baci",
        "gender": "Male",
        "phone": 3159018391
    },
    {
        "id": 67,
        "name": "Janette",
        "gender": "Female",
        "phone": 9887020445
    },
    {
        "id": 68,
        "name": "Adda",
        "gender": "Female",
        "phone": 5361981152
    },
    {
        "id": 69,
        "name": "Elinor",
        "gender": "Female",
        "phone": 3161765672
    },
    {
        "id": 70,
        "name": "Abbey",
        "gender": "Male",
        "phone": 1259516767
    },
    {
        "id": 71,
        "name": "Collen",
        "gender": "Female",
        "phone": 9614634242
    },
    {
        "id": 72,
        "name": "Orion",
        "gender": "Male",
        "phone": 7485352272
    },
    {
        "id": 110,
        "name": "Ayse",
        "gender": "Female",
        "phone": 1231231238
    },
    {
        "id": 74,
        "name": "Chen",
        "gender": "Male",
        "phone": 9537864587
    },
    {
        "id": 75,
        "name": "Leland",
        "gender": "Female",
        "phone": 9672110769
    },
    {
        "id": 76,
        "name": "Arnie",
        "gender": "Male",
        "phone": 4541117370
    },
    {
        "id": 77,
        "name": "Stevana",
        "gender": "Female",
        "phone": 1459126818
    },
    {
        "id": 108,
        "name": "Ayse",
        "gender": "Female",
        "phone": 1231231238
    },
    {
        "id": 79,
        "name": "Philis",
        "gender": "Female",
        "phone": 2277085963
    },
    {
        "id": 80,
        "name": "Jocelin",
        "gender": "Female",
        "phone": 4299058649
    },
    {
        "id": 81,
        "name": "Georgianne",
        "gender": "Female",
        "phone": 9594130239
    },
    {
        "id": 82,
        "name": "Catie",
        "gender": "Female",
        "phone": 4758237746
    },
    {
        "id": 83,
        "name": "Franky",
        "gender": "Male",
        "phone": 7647130621
    },
    {
        "id": 84,
        "name": "Saw",
        "gender": "Male",
        "phone": 2673833440
    },
    {
        "id": 85,
        "name": "Nesrin",
        "gender": "Female",
        "phone": 1099231238
    },
    {
        "id": 86,
        "name": "Brook",
        "gender": "Female",
        "phone": 2655095364
    },
    {
        "id": 87,
        "name": "Fenelia",
        "gender": "Female",
        "phone": 6475942543
    },
    {
        "id": 88,
        "name": "Julie",
        "gender": "Male",
        "phone": 1279288759
    },
    {
        "id": 89,
        "name": "Adan",
        "gender": "Male",
        "phone": 8055782975
    },
    {
        "id": 90,
        "name": "Rhianon",
        "gender": "Female",
        "phone": 5225172555
    },
    {
        "id": 91,
        "name": "Jaquenetta",
        "gender": "Female",
        "phone": 7338210388
    },
    {
        "id": 92,
        "name": "Caitlin",
        "gender": "Female",
        "phone": 6911121800
    },
    {
        "id": 93,
        "name": "Chanda",
        "gender": "Female",
        "phone": 9289012086
    },
    {
        "id": 94,
        "name": "Marylee",
        "gender": "Female",
        "phone": 6385380284
    },
    {
        "id": 95,
        "name": "Lilias",
        "gender": "Female",
        "phone": 5986446659
    },
    {
        "id": 96,
        "name": "Abie",
        "gender": "Male",
        "phone": 1788387111
    },
    {
        "id": 97,
        "name": "Saleem",
        "gender": "Male",
        "phone": 6586151920
    },
    {
        "id": 98,
        "name": "Elita",
        "gender": "Female",
        "phone": 1042902741
    },
    {
        "id": 99,
        "name": "Adair",
        "gender": "Male",
        "phone": 3154964396
    },
    {
        "id": 100,
        "name": "Terence",
        "gender": "Male",
        "phone": 1311814806
    },
    {
        "id": 101,
        "name": "Ayse",
        "gender": "Female",
        "phone": 1231231238
    },
    {
        "id": 102,
        "name": "Ayse",
        "gender": "Female",
        "phone": 1231231238
    },
    {
        "id": 103,
        "name": "Ayse",
        "gender": "Female",
        "phone": 1231231238
    },
    {
        "id": 104,
        "name": "Ayse",
        "gender": "Female",
        "phone": 1231231238
    },
    {
        "id": 105,
        "name": "Ayse",
        "gender": "Female",
        "phone": 1231231238
    },
    {
        "id": 106,
        "name": "Ayse",
        "gender": "Female",
        "phone": 1231231238
    },
    {
        "id": 107,
        "name": "Ayse",
        "gender": "Female",
        "phone": 1231231238
    },
    {
        "id": 109,
        "name": "Ayse",
        "gender": "Female",
        "phone": 1231231238
    },
    {
        "id": 111,
        "name": "Ayse",
        "gender": "Female",
        "phone": 1231231238
    },
    {
        "id": 112,
        "name": "Ayse",
        "gender": "Female",
        "phone": 1231231238
    },
    {
        "id": 113,
        "name": "Ayse",
        "gender": "Female",
        "phone": 1231231238
    },
    {
        "id": 114,
        "name": "Ayse",
        "gender": "Female",
        "phone": 1231231238
    },
    {
        "id": 115,
        "name": "Ayse",
        "gender": "Female",
        "phone": 1231231238
    },
    {
        "id": 116,
        "name": "Ayse",
        "gender": "Female",
        "phone": 1231231238
    },
    {
        "id": 121,
        "name": "Nesrin",
        "gender": "Female",
        "phone": 1099231238
    },
    {
        "id": 122,
        "name": "Nesrin",
        "gender": "Female",
        "phone": 1099231238
    },
    {
        "id": 123,
        "name": "Nesrin",
        "gender": "Female",
        "phone": 1099231238
    },
    {
        "id": 124,
        "name": "Nesrin",
        "gender": "Female",
        "phone": 1099231238
    },
    {
        "id": 125,
        "name": "Ayse",
        "gender": "Female",
        "phone": 1231231238
    },
    {
        "id": 126,
        "name": "Ayse",
        "gender": "Female",
        "phone": 1231231238
    },
    {
        "id": 127,
        "name": "Ayse",
        "gender": "Female",
        "phone": 1231231238
    },
    {
        "id": 128,
        "name": "Ayse",
        "gender": "Female",
        "phone": 1231231238
    },
    {
        "id": 129,
        "name": "Ayse",
        "gender": "Female",
        "phone": 1231231238
    },
    {
        "id": 130,
        "name": "Ayse",
        "gender": "Female",
        "phone": 1231231238
    },
    {
        "id": 131,
        "name": "Ayse",
        "gender": "Female",
        "phone": 1231231238
    },
    {
        "id": 132,
        "name": "Ayse",
        "gender": "Female",
        "phone": 1231231238
    }
]
]]></system-out>
    <system-err><![CDATA[SLF4J: Failed to load class "org.slf4j.impl.StaticLoggerBinder".
SLF4J: Defaulting to no-operation (NOP) logger implementation
SLF4J: See http://www.slf4j.org/codes.html#StaticLoggerBinder for further details.
]]></system-err>
  </testcase>
</testsuite>